Connecting to host 10.0.0.1, port 5201
[  9] local 10.0.0.3 port 42368 connected to 10.0.0.1 port 5201
[ ID] Interval           Transfer     Bitrate         Retr  Cwnd
[  9]   0.00-1.00   sec  1.62 MBytes  13.6 Mbits/sec    0    230 KBytes       
[  9]   1.00-2.00   sec  2.25 MBytes  18.9 Mbits/sec    0    317 KBytes       
[  9]   2.00-3.00   sec  2.25 MBytes  18.9 Mbits/sec    0    404 KBytes       
[  9]   3.00-4.00   sec  1.88 MBytes  15.7 Mbits/sec    0    492 KBytes       
[  9]   4.00-5.00   sec  2.12 MBytes  17.8 Mbits/sec    0    580 KBytes       
[  9]   5.00-6.00   sec  2.38 MBytes  19.9 Mbits/sec    0    667 KBytes       
[  9]   6.00-7.00   sec  1.50 MBytes  12.6 Mbits/sec    0    755 KBytes       
[  9]   7.00-8.00   sec  3.12 MBytes  26.2 Mbits/sec    0    843 KBytes       
[  9]   8.00-9.00   sec  1.88 MBytes  15.7 Mbits/sec    0    930 KBytes       
[  9]   9.00-10.00  sec  1.88 MBytes  15.7 Mbits/sec    0   1018 KBytes       
[  9]  10.00-11.00  sec  2.12 MBytes  17.8 Mbits/sec    0   1.08 MBytes       
[  9]  11.00-12.00  sec  2.25 MBytes  18.9 Mbits/sec    0   1.17 MBytes       
[  9]  12.00-13.00  sec  2.50 MBytes  21.0 Mbits/sec    0   1.25 MBytes       
[  9]  13.00-14.00  sec  2.88 MBytes  24.1 Mbits/sec    0   1.41 MBytes       
[  9]  14.00-15.00  sec  0.00 Bytes  0.00 bits/sec    0   1.66 MBytes       
[  9]  15.00-16.00  sec  3.25 MBytes  27.2 Mbits/sec    0   1.95 MBytes       
[  9]  16.00-17.00  sec  4.00 MBytes  33.6 Mbits/sec    0   2.29 MBytes       
[  9]  17.00-18.00  sec  5.00 MBytes  42.0 Mbits/sec    0   2.66 MBytes       
[  9]  18.00-19.00  sec  0.00 Bytes  0.00 bits/sec    0   2.69 MBytes       
[  9]  19.00-20.00  sec  0.00 Bytes  0.00 bits/sec    0   2.18 MBytes       
- - - - - - - - - - - - - - - - - - - - - - - - -
[ ID] Interval           Transfer     Bitrate         Retr
[  9]   0.00-20.00  sec  42.9 MBytes  18.0 Mbits/sec    0             sender
[  9]   0.00-21.28  sec  35.4 MBytes  13.9 Mbits/sec                  receiver

iperf Done.
