Connecting to host 10.0.0.1, port 5201
[  9] local 10.0.0.3 port 32985 connected to 10.0.0.1 port 5201
[ ID] Interval           Transfer     Bitrate         Total Datagrams
[  9]   0.00-1.00   sec   129 KBytes  1.05 Mbits/sec  91  
[  9]   1.00-2.00   sec   127 KBytes  1.04 Mbits/sec  90  
[  9]   2.00-3.00   sec   129 KBytes  1.05 Mbits/sec  91  
[  9]   3.00-4.00   sec   127 KBytes  1.04 Mbits/sec  90  
[  9]   4.00-5.00   sec   129 KBytes  1.05 Mbits/sec  91  
[  9]   5.00-6.00   sec   129 KBytes  1.05 Mbits/sec  91  
[  9]   6.00-7.00   sec   127 KBytes  1.04 Mbits/sec  90  
[  9]   7.00-8.00   sec   129 KBytes  1.05 Mbits/sec  91  
[  9]   8.00-9.00   sec   127 KBytes  1.04 Mbits/sec  90  
[  9]   9.00-10.00  sec   129 KBytes  1.05 Mbits/sec  91  
[  9]  10.00-11.00  sec   127 KBytes  1.04 Mbits/sec  90  
[  9]  11.00-12.00  sec   129 KBytes  1.05 Mbits/sec  91  
[  9]  12.00-13.00  sec   127 KBytes  1.04 Mbits/sec  90  
[  9]  13.00-14.00  sec   129 KBytes  1.05 Mbits/sec  91  
[  9]  14.00-15.00  sec   127 KBytes  1.04 Mbits/sec  90  
[  9]  15.00-16.00  sec   129 KBytes  1.05 Mbits/sec  91  
[  9]  16.00-17.00  sec   127 KBytes  1.04 Mbits/sec  90  
[  9]  17.00-18.00  sec   129 KBytes  1.05 Mbits/sec  91  
[  9]  18.00-19.00  sec   127 KBytes  1.04 Mbits/sec  90  
[  9]  19.00-20.00  sec   129 KBytes  1.05 Mbits/sec  91  
- - - - - - - - - - - - - - - - - - - - - - - - -
[ ID] Interval           Transfer     Bitrate         Jitter    Lost/Total Datagrams
[  9]   0.00-20.00  sec  2.50 MBytes  1.05 Mbits/sec  0.000 ms  0/1811 (0%)  sender
[  9]   0.00-20.13  sec  2.50 MBytes  1.04 Mbits/sec  0.031 ms  0/1811 (0%)  receiver

iperf Done.
